app/build/intermediates/manifest_merge_blame_file/debug/manifest-merger-blame-debug-report.txt
1<?xml version="1.0" encoding="utf-8"?>
2<manifest xmlns:android="http://schemas.android.com/apk/res/android"
3    package="com.sample.sydneyzamoranos"
4    android:versionCode="1"
5    android:versionName="1.0" >
6
7    <uses-sdk
8        android:minSdkVersion="26"
8-->src\main\AndroidManifest.xml
9        android:targetSdkVersion="29" />
9-->src\main\AndroidManifest.xml
10
11    <uses-permission android:name="android.permission.INTERNET" />
11-->src\main\AndroidManifest.xml:32:5-67
11-->src\main\AndroidManifest.xml:32:22-64
12
13    <application
13-->src\main\AndroidManifest.xml:5:5-31:19
14        android:allowBackup="true"
14-->src\main\AndroidManifest.xml:6:9-35
15        android:appComponentFactory="androidx.core.app.CoreComponentFactory"
15-->[androidx.core:core:1.0.1] AndroidManifest.xml:22:18-86
16        android:debuggable="true"
17        android:icon="@mipmap/ic_launcher"
17-->src\main\AndroidManifest.xml:7:9-43
18        android:label="@string/app_name"
18-->src\main\AndroidManifest.xml:8:9-41
19        android:roundIcon="@mipmap/ic_launcher_round"
19-->src\main\AndroidManifest.xml:9:9-54
20        android:supportsRtl="true"
20-->src\main\AndroidManifest.xml:10:9-35
21        android:testOnly="true"
22        android:theme="@style/AppTheme" >
22-->src\main\AndroidManifest.xml:11:9-40
23        <activity
23-->src\main\AndroidManifest.xml:12:9-21:20
24            android:name="com.sample.sydneyzamoranos.ItemListActivity"
24-->src\main\AndroidManifest.xml:13:13-45
25            android:label="@string/app_name"
25-->src\main\AndroidManifest.xml:14:13-45
26            android:theme="@style/AppTheme.NoActionBar" >
26-->src\main\AndroidManifest.xml:15:13-56
27            <intent-filter>
27-->src\main\AndroidManifest.xml:16:13-20:29
28                <action android:name="android.intent.action.MAIN" />
28-->src\main\AndroidManifest.xml:17:17-69
28-->src\main\AndroidManifest.xml:17:25-66
29
30                <category android:name="android.intent.category.LAUNCHER" />
30-->src\main\AndroidManifest.xml:19:17-77
30-->src\main\AndroidManifest.xml:19:27-74
31            </intent-filter>
32        </activity>
33        <activity
33-->src\main\AndroidManifest.xml:22:9-30:20
34            android:name="com.sample.sydneyzamoranos.ItemDetailActivity"
34-->src\main\AndroidManifest.xml:23:13-47
35            android:label="@string/title_item_detail"
35-->src\main\AndroidManifest.xml:24:13-54
36            android:parentActivityName="com.sample.sydneyzamoranos.ItemListActivity"
36-->src\main\AndroidManifest.xml:25:13-59
37            android:theme="@style/AppTheme.NoActionBar" >
37-->src\main\AndroidManifest.xml:26:13-56
38            <meta-data
38-->src\main\AndroidManifest.xml:27:13-29:79
39                android:name="android.support.PARENT_ACTIVITY"
39-->src\main\AndroidManifest.xml:28:17-63
40                android:value="com.sample.sydneyzamoranos.ItemListActivity" />
40-->src\main\AndroidManifest.xml:29:17-76
41        </activity>
42
43        <provider
43-->[com.squareup.picasso:picasso:2.71828] AndroidManifest.xml:8:9-11:40
44            android:name="com.squareup.picasso.PicassoProvider"
44-->[com.squareup.picasso:picasso:2.71828] AndroidManifest.xml:9:13-64
45            android:authorities="com.sample.sydneyzamoranos.com.squareup.picasso"
45-->[com.squareup.picasso:picasso:2.71828] AndroidManifest.xml:10:13-72
46            android:exported="false" />
46-->[com.squareup.picasso:picasso:2.71828] AndroidManifest.xml:11:13-37
47    </application>
48
49</manifest>